d:\onedrive - 명지대학교\1.cho\2.강의\2019년2학기\객체지향프로그래밍1\프로젝트2019\proj07again\windraw\debug\vc142.pdb
d:\onedrive - 명지대학교\1.cho\2.강의\2019년2학기\객체지향프로그래밍1\프로젝트2019\proj07b-org\windraw\debug\vc142.pdb
d:\onedrive - 명지대학교\1.cho\2.강의\2019년2학기\객체지향프로그래밍1\프로젝트2019\proj07b-org\windraw\debug\vc142.idb
d:\onedrive - 명지대학교\1.cho\2.강의\2019년2학기\객체지향프로그래밍1\프로젝트2019\proj07b-org\windraw\debug\main.obj
d:\onedrive - 명지대학교\1.cho\2.강의\2019년2학기\객체지향프로그래밍1\프로젝트2019\proj07b-org\windraw\debug\drawframe.obj
c:\users\4\desktop\proj07b-org\windraw\debug\vc142.pdb
c:\users\4\desktop\proj07b-org\windraw\debug\vc142.idb
c:\users\4\desktop\proj07b-org\windraw\debug\main.obj
c:\users\4\desktop\proj07b-org\windraw\debug\drawframe.obj
d:\onedrive - 명지대학교\1.cho\2.강의\2019년2학기\객체지향프로그래밍1\프로젝트2019\proj07again\debug\windraw.exe
d:\onedrive - 명지대학교\1.cho\2.강의\2019년2학기\객체지향프로그래밍1\프로젝트2019\proj07again\debug\windraw.ilk
d:\onedrive - 명지대학교\1.cho\2.강의\2019년2학기\객체지향프로그래밍1\프로젝트2019\proj07again\debug\windraw.pdb
d:\onedrive - 명지대학교\1.cho\2.강의\2019년2학기\객체지향프로그래밍1\프로젝트2019\proj07b-org\debug\windraw.ilk
d:\onedrive - 명지대학교\1.cho\2.강의\2019년2학기\객체지향프로그래밍1\프로젝트2019\proj07b-org\debug\windraw.exe
d:\onedrive - 명지대학교\1.cho\2.강의\2019년2학기\객체지향프로그래밍1\프로젝트2019\proj07b-org\debug\windraw.pdb
c:\users\4\desktop\proj07b-org\debug\windraw.exe
c:\users\4\desktop\proj07b-org\debug\windraw.ilk
c:\users\4\desktop\proj07b-org\debug\windraw.pdb
c:\users\4\desktop\proj07b-org\windraw\debug\windraw.tlog\cl.command.1.tlog
c:\users\4\desktop\proj07b-org\windraw\debug\windraw.tlog\cl.read.1.tlog
c:\users\4\desktop\proj07b-org\windraw\debug\windraw.tlog\cl.write.1.tlog
c:\users\4\desktop\proj07b-org\windraw\debug\windraw.tlog\link.command.1.tlog
c:\users\4\desktop\proj07b-org\windraw\debug\windraw.tlog\link.read.1.tlog
c:\users\4\desktop\proj07b-org\windraw\debug\windraw.tlog\link.write.1.tlog
