d:\onedrive - 명지대학교\1.cho\2.강의\2019년2학기\객체지향프로그래밍1\프로젝트2019\proj07again\winlib\debug\winlib.pdb
d:\onedrive - 명지대학교\1.cho\2.강의\2019년2학기\객체지향프로그래밍1\프로젝트2019\proj07b-org\winlib\debug\winlib.pdb
d:\onedrive - 명지대학교\1.cho\2.강의\2019년2학기\객체지향프로그래밍1\프로젝트2019\proj07b-org\winlib\debug\winlib.idb
d:\onedrive - 명지대학교\1.cho\2.강의\2019년2학기\객체지향프로그래밍1\프로젝트2019\proj07b-org\winlib\debug\toolbar.obj
d:\onedrive - 명지대학교\1.cho\2.강의\2019년2학기\객체지향프로그래밍1\프로젝트2019\proj07b-org\winlib\debug\misc.obj
d:\onedrive - 명지대학교\1.cho\2.강의\2019년2학기\객체지향프로그래밍1\프로젝트2019\proj07b-org\winlib\debug\frame.obj
d:\onedrive - 명지대학교\1.cho\2.강의\2019년2학기\객체지향프로그래밍1\프로젝트2019\proj07b-org\winlib\debug\button.obj
c:\users\4\desktop\proj07b-org\winlib\debug\winlib.pdb
c:\users\4\desktop\proj07b-org\winlib\debug\winlib.idb
c:\users\4\desktop\proj07b-org\winlib\debug\toolbar.obj
c:\users\4\desktop\proj07b-org\winlib\debug\misc.obj
c:\users\4\desktop\proj07b-org\winlib\debug\frame.obj
c:\users\4\desktop\proj07b-org\winlib\debug\button.obj
d:\onedrive - 명지대학교\1.cho\2.강의\2019년2학기\객체지향프로그래밍1\프로젝트2019\proj07again\debug\winlib.lib
d:\onedrive - 명지대학교\1.cho\2.강의\2019년2학기\객체지향프로그래밍1\프로젝트2019\proj07b-org\debug\winlib.lib
c:\users\4\desktop\proj07b-org\debug\winlib.lib
c:\users\4\desktop\proj07b-org\debug\winlib.pdb
c:\users\4\desktop\proj07b-org\winlib\debug\winlib.tlog\cl.command.1.tlog
c:\users\4\desktop\proj07b-org\winlib\debug\winlib.tlog\cl.read.1.tlog
c:\users\4\desktop\proj07b-org\winlib\debug\winlib.tlog\cl.write.1.tlog
c:\users\4\desktop\proj07b-org\winlib\debug\winlib.tlog\lib-link.read.1.tlog
c:\users\4\desktop\proj07b-org\winlib\debug\winlib.tlog\lib-link.write.1.tlog
c:\users\4\desktop\proj07b-org\winlib\debug\winlib.tlog\lib.command.1.tlog
